<?xml version="1.0" encoding="UTF-8"?>
<!-- Generated by org.testng.reporters.JUnitReportReporter -->
<testsuite skipped="0" hostname="DESKTOP-ES8HU3L" name="com.nbc.testscripts.demo.NBC_CapturingPerformance_Demo" tests="1" failures="0" timestamp="21 Apr 2018 15:33:26 GMT" time="49.408" errors="0">
  <testcase name="tc002" time="49.408" classname="com.nbc.testscripts.demo.NBC_CapturingPerformance_Demo"/>
</testsuite> <!-- com.nbc.testscripts.demo.NBC_CapturingPerformance_Demo -->
