<?xml version="1.0" encoding="UTF-8"?>
<!-- Generated by org.testng.reporters.JUnitReportReporter -->
<testsuite skipped="0" hostname="DESKTOP-ES8HU3L" name="com.nbc.testscripts.demo.NBC_SpellChecker_BrokenLine_Demo" tests="1" failures="0" timestamp="21 Apr 2018 14:57:16 GMT" time="9.717" errors="0">
  <testcase name="tc001" time="9.717" classname="com.nbc.testscripts.demo.NBC_SpellChecker_BrokenLine_Demo"/>
</testsuite> <!-- com.nbc.testscripts.demo.NBC_SpellChecker_BrokenLine_Demo -->
