<?xml version="1.0" encoding="UTF-8"?>
<!-- Generated by org.testng.reporters.JUnitReportReporter -->
<testsuite skipped="0" hostname="DESKTOP-ES8HU3L" name="com.TAFrameworkJAVA.testscripts.demo.AspireTA_Java_Framework_Demo" tests="1" failures="1" timestamp="20 Apr 2018 20:09:31 GMT" time="159.943" errors="0">
  <testcase name="tcTAFrameworkJAVADemo01" time="159.943" classname="com.TAFrameworkJAVA.testscripts.demo.AspireTA_Java_Framework_Demo">
    <failure type="java.lang.AssertionError" message="Home Page did not open up. Site might be down.">
      <![CDATA[java.lang.AssertionError: Home Page did not open up. Site might be down.
	at org.testng.Assert.fail(Assert.java:93)
	at com.TAFrameworkJAVA.support.Log.fail(Log.java:603)
	at com.TAFrameworkJAVA.pages.HomePage.isLoaded(HomePage.java:75)
	at org.openqa.selenium.support.ui.LoadableComponent.get(LoadableComponent.java:52)
	at com.TAFrameworkJAVA.testscripts.demo.AspireTA_Java_Framework_Demo.tcTAFrameworkJAVADemo01(AspireTA_Java_Framework_Demo.java:56)
	at sun.reflect.NativeMethodAccessorImpl.invoke0(Native Method)
	at sun.reflect.NativeMethodAccessorImpl.invoke(Unknown Source)
	at sun.reflect.DelegatingMethodAccessorImpl.invoke(Unknown Source)
	at java.lang.reflect.Method.invoke(Unknown Source)
	at org.testng.internal.MethodInvocationHelper.invokeMethod(MethodInvocationHelper.java:108)
	at org.testng.internal.Invoker.invokeMethod(Invoker.java:661)
	at org.testng.internal.Invoker.invokeTestMethod(Invoker.java:869)
	at org.testng.internal.TestMethodWithDataProviderMethodWorker.call(TestMethodWithDataProviderMethodWorker.java:75)
	at org.testng.internal.TestMethodWithDataProviderMethodWorker.call(TestMethodWithDataProviderMethodWorker.java:14)
	at java.util.concurrent.FutureTask.run(Unknown Source)
	at java.util.concurrent.Executors$RunnableAdapter.call(Unknown Source)
	at java.util.concurrent.FutureTask.run(Unknown Source)
	at java.util.concurrent.ThreadPoolExecutor.runWorker(Unknown Source)
	at java.util.concurrent.ThreadPoolExecutor$Worker.run(Unknown Source)
	at java.lang.Thread.run(Unknown Source)
]]>
    </failure>
  </testcase> <!-- tcTAFrameworkJAVADemo01 -->
</testsuite> <!-- com.TAFrameworkJAVA.testscripts.demo.AspireTA_Java_Framework_Demo -->
