<?xml version="1.0" encoding="UTF-8"?>
<!-- Generated by org.testng.reporters.JUnitReportReporter -->
<testsuite skipped="4" hostname="AspireVM15-18" name="com.nbc.testscripts.demo.NBC_Demo" tests="4" failures="0" timestamp="25 Apr 2018 15:58:12 GMT" time="4.971" errors="0">
  <testcase name="tc001" time="1.805" classname="com.nbc.testscripts.demo.NBC_Demo">
    <skipped/>
  </testcase> <!-- tc001 -->
  <testcase name="tc004" time="0.373" classname="com.nbc.testscripts.demo.NBC_Demo">
    <skipped/>
  </testcase> <!-- tc004 -->
  <testcase name="tc004" time="2.387" classname="com.nbc.testscripts.demo.NBC_Demo">
    <skipped/>
  </testcase> <!-- tc004 -->
  <testcase name="tc001" time="0.406" classname="com.nbc.testscripts.demo.NBC_Demo">
    <skipped/>
  </testcase> <!-- tc001 -->
</testsuite> <!-- com.nbc.testscripts.demo.NBC_Demo -->
